mode: atomic
github.com/rollkit/celestia-da/celestia.go:27.100,33.2 1 0
github.com/rollkit/celestia-da/celestia.go:36.52,38.2 1 0
github.com/rollkit/celestia-da/celestia.go:41.58,43.25 2 0
github.com/rollkit/celestia-da/celestia.go:43.25,46.17 3 0
github.com/rollkit/celestia-da/celestia.go:46.17,48.4 1 0
github.com/rollkit/celestia-da/celestia.go:49.3,49.35 1 0
github.com/rollkit/celestia-da/celestia.go:51.2,51.19 1 0
github.com/rollkit/celestia-da/celestia.go:55.61,58.16 3 0
github.com/rollkit/celestia-da/celestia.go:58.16,59.66 1 0
github.com/rollkit/celestia-da/celestia.go:59.66,61.4 1 0
github.com/rollkit/celestia-da/celestia.go:62.3,62.18 1 0
github.com/rollkit/celestia-da/celestia.go:64.2,64.26 1 0
github.com/rollkit/celestia-da/celestia.go:64.26,66.3 1 0
github.com/rollkit/celestia-da/celestia.go:67.2,67.17 1 0
github.com/rollkit/celestia-da/celestia.go:71.73,74.2 2 0
github.com/rollkit/celestia-da/celestia.go:77.77,79.16 2 0
github.com/rollkit/celestia-da/celestia.go:79.16,81.3 1 0
github.com/rollkit/celestia-da/celestia.go:82.2,83.16 2 0
github.com/rollkit/celestia-da/celestia.go:83.16,85.3 1 0
github.com/rollkit/celestia-da/celestia.go:86.2,89.41 4 0
github.com/rollkit/celestia-da/celestia.go:89.41,92.17 3 0
github.com/rollkit/celestia-da/celestia.go:92.17,94.4 1 0
github.com/rollkit/celestia-da/celestia.go:96.3,97.17 2 0
github.com/rollkit/celestia-da/celestia.go:97.17,99.4 1 0
github.com/rollkit/celestia-da/celestia.go:101.2,101.25 1 0
github.com/rollkit/celestia-da/celestia.go:105.100,108.33 3 0
github.com/rollkit/celestia-da/celestia.go:108.33,110.17 2 0
github.com/rollkit/celestia-da/celestia.go:110.17,112.4 1 0
github.com/rollkit/celestia-da/celestia.go:113.3,116.17 3 0
github.com/rollkit/celestia-da/celestia.go:116.17,118.4 1 0
github.com/rollkit/celestia-da/celestia.go:119.3,119.48 1 0
github.com/rollkit/celestia-da/celestia.go:121.2,121.32 1 0
github.com/rollkit/celestia-da/celestia.go:125.81,128.35 3 0
github.com/rollkit/celestia-da/celestia.go:128.35,130.57 2 0
github.com/rollkit/celestia-da/celestia.go:130.57,132.4 1 0
github.com/rollkit/celestia-da/celestia.go:133.3,134.33 2 0
github.com/rollkit/celestia-da/celestia.go:136.2,136.25 1 0
github.com/rollkit/celestia-da/celestia.go:136.25,143.3 3 0
github.com/rollkit/celestia-da/celestia.go:144.2,144.22 1 0
github.com/rollkit/celestia-da/celestia.go:152.60,157.2 4 0
github.com/rollkit/celestia-da/celestia.go:159.48,160.26 1 0
github.com/rollkit/celestia-da/celestia.go:160.26,162.3 1 0
github.com/rollkit/celestia-da/celestia.go:163.2,163.67 1 0
